<?xml version="1.0" encoding="UTF-8"?>
<testng-results ignored="0" total="1" passed="1" failed="0" skipped="0">
  <reporter-output>
  </reporter-output>
  <suite started-at="2025-06-01T05:33:18 IST" name="Default suite" finished-at="2025-06-01T05:33:31 IST" duration-ms="13017">
    <groups>
    </groups>
    <test started-at="2025-06-01T05:33:18 IST" name="Default test" finished-at="2025-06-01T05:33:31 IST" duration-ms="13017">
      <class name="tests.PlaceOrderTest">
        <test-method is-config="true" signature="beforeClass()[pri:0, instance:tests.PlaceOrderTest@45c7e403]" started-at="2025-06-01T05:33:18 IST" name="beforeClass" finished-at="2025-06-01T05:33:18 IST" duration-ms="18" status="PASS">
          <reporter-output>
          </reporter-output>
        </test-method> <!-- beforeClass -->
        <test-method is-config="true" signature="setUpReports()[pri:0, instance:tests.PlaceOrderTest@45c7e403]" started-at="2025-06-01T05:33:18 IST" name="setUpReports" finished-at="2025-06-01T05:33:18 IST" duration-ms="552" status="PASS">
          <reporter-output>
          </reporter-output>
        </test-method> <!-- setUpReports -->
        <test-method is-config="true" signature="beforeMethod()[pri:0, instance:tests.PlaceOrderTest@45c7e403]" started-at="2025-06-01T05:33:18 IST" name="beforeMethod" finished-at="2025-06-01T05:33:22 IST" duration-ms="3214" status="PASS">
          <reporter-output>
          </reporter-output>
        </test-method> <!-- beforeMethod -->
        <test-method signature="testPlaceOrder()[pri:0, instance:tests.PlaceOrderTest@45c7e403]" started-at="2025-06-01T05:33:22 IST" name="testPlaceOrder" finished-at="2025-06-01T05:33:23 IST" duration-ms="1240" status="PASS">
          <reporter-output>
          </reporter-output>
        </test-method> <!-- testPlaceOrder -->
        <test-method is-config="true" signature="afterMethod()[pri:0, instance:tests.PlaceOrderTest@45c7e403]" started-at="2025-06-01T05:33:23 IST" name="afterMethod" finished-at="2025-06-01T05:33:30 IST" duration-ms="7265" status="PASS">
          <reporter-output>
          </reporter-output>
        </test-method> <!-- afterMethod -->
        <test-method is-config="true" signature="afterClass()[pri:0, instance:tests.PlaceOrderTest@45c7e403]" started-at="2025-06-01T05:33:30 IST" name="afterClass" finished-at="2025-06-01T05:33:30 IST" duration-ms="1" status="PASS">
          <reporter-output>
          </reporter-output>
        </test-method> <!-- afterClass -->
        <test-method is-config="true" signature="writeReports()[pri:0, instance:tests.PlaceOrderTest@45c7e403]" started-at="2025-06-01T05:33:30 IST" name="writeReports" finished-at="2025-06-01T05:33:31 IST" duration-ms="650" status="PASS">
          <reporter-output>
          </reporter-output>
        </test-method> <!-- writeReports -->
      </class> <!-- tests.PlaceOrderTest -->
    </test> <!-- Default test -->
  </suite> <!-- Default suite -->
</testng-results>
